This is pdfTeX, Version 3.141592653-2.6-1.40.25 (TeX Live 2023/Debian) (preloaded format=pdflatex 2025.12.26)  5 JAN 2026 12:19
entering extended mode
 restricted \write18 enabled.
 file:line:error style messages enabled.
 %&-line parsing enabled.
**"/home/dinisrosa22/Documentos/Ano Letívo 2025_26/INTELIGENCIA ARTIFICIAL EM ENGBIOM/TRABALHOS/TRABALHO 2/LATEX/main.tex"
(/home/dinisrosa22/Documentos/Ano Letívo 2025_26/INTELIGENCIA ARTIFICIAL EM ENGBIOM/TRABALHOS/TRABALHO 2/LATEX/main.tex
LaTeX2e <2023-11-01> patch level 1
L3 programming layer <2024-01-22>
(/usr/share/texlive/texmf-dist/tex/latex/base/article.cls
Document Class: article 2023/05/17 v1.4n Standard LaTeX document class
(/usr/share/texlive/texmf-dist/tex/latex/base/size12.clo
File: size12.clo 2023/05/17 v1.4n Standard LaTeX file (size option)
)
\c@part=\count187
\c@section=\count188
\c@subsection=\count189
\c@subsubsection=\count190
\c@paragraph=\count191
\c@subparagraph=\count192
\c@figure=\count193
\c@table=\count194
\abovecaptionskip=\skip48
\belowcaptionskip=\skip49
\bibindent=\dimen140
) (/usr/share/texlive/texmf-dist/tex/generic/babel/babel.sty
Package: babel 2024/01/07 v24.1 The Babel package
\babel@savecnt=\count195
\U@D=\dimen141
\l@unhyphenated=\language6
 (/usr/share/texlive/texmf-dist/tex/generic/babel/txtbabel.def)
\bbl@readstream=\read2
\bbl@dirlevel=\count196
 (/usr/share/texlive/texmf-dist/tex/generic/babel-portuges/portuguese.ldf
Language: portuges 2021/07/09 v1.2t Portuguese support from the babel system
Package babel Info: Making " an active character on input line 143.
)) (/usr/share/texlive/texmf-dist/tex/generic/babel/locale/pt/babel-portuguese.tex
Package babel Info: Importing font and identification data for portuguese
(babel)             from babel-pt.ini. Reported on input line 11.
) (/usr/share/texlive/texmf-dist/tex/latex/base/inputenc.sty
Package: inputenc 2021/02/14 v1.3d Input encoding file
\inpenc@prehook=\toks17
\inpenc@posthook=\toks18
) (/usr/share/texlive/texmf-dist/tex/latex/base/fontenc.sty
Package: fontenc 2021/04/29 v2.0v Standard LaTeX package
) (/usr/share/texlive/texmf-dist/tex/latex/graphics/graphicx.sty
Package: graphicx 2021/09/16 v1.2d Enhanced LaTeX Graphics (DPC,SPQR)
 (/usr/share/texlive/texmf-dist/tex/latex/graphics/keyval.sty
Package: keyval 2022/05/29 v1.15 key=value parser (DPC)
\KV@toks@=\toks19
) (/usr/share/texlive/texmf-dist/tex/latex/graphics/graphics.sty
Package: graphics 2022/03/10 v1.4e Standard LaTeX Graphics (DPC,SPQR)
 (/usr/share/texlive/texmf-dist/tex/latex/graphics/trig.sty
Package: trig 2021/08/11 v1.11 sin cos tan (DPC)
) (/usr/share/texlive/texmf-dist/tex/latex/graphics-cfg/graphics.cfg
File: graphics.cfg 2016/06/04 v1.11 sample graphics configuration
)
Package graphics Info: Driver file: pdftex.def on input line 107.
 (/usr/share/texlive/texmf-dist/tex/latex/graphics-def/pdftex.def
File: pdftex.def 2022/09/22 v1.2b Graphics/color driver for pdftex
))
\Gin@req@height=\dimen142
\Gin@req@width=\dimen143
) (/usr/share/texlive/texmf-dist/tex/latex/placeins/placeins.sty
Package: placeins 2005/04/18  v 2.2
) (/usr/share/texlive/texmf-dist/tex/latex/geometry/geometry.sty
Package: geometry 2020/01/02 v5.9 Page Geometry
 (/usr/share/texlive/texmf-dist/tex/generic/iftex/ifvtex.sty
Package: ifvtex 2019/10/25 v1.7 ifvtex legacy package. Use iftex instead.
 (/usr/share/texlive/texmf-dist/tex/generic/iftex/iftex.sty
Package: iftex 2022/02/03 v1.0f TeX engine tests
))
\Gm@cnth=\count197
\Gm@cntv=\count198
\c@Gm@tempcnt=\count199
\Gm@bindingoffset=\dimen144
\Gm@wd@mp=\dimen145
\Gm@odd@mp=\dimen146
\Gm@even@mp=\dimen147
\Gm@layoutwidth=\dimen148
\Gm@layoutheight=\dimen149
\Gm@layouthoffset=\dimen150
\Gm@layoutvoffset=\dimen151
\Gm@dimlist=\toks20
) (/usr/share/texlive/texmf-dist/tex/latex/tools/indentfirst.sty
Package: indentfirst 2023/07/02 v1.03 Indent first paragraph (DPC)
) (/usr/share/texlive/texmf-dist/tex/latex/fancyhdr/fancyhdr.sty
Package: fancyhdr 2022/11/09 v4.1 Extensive control of page headers and footers
\f@nch@headwidth=\skip50
\f@nch@O@elh=\skip51
\f@nch@O@erh=\skip52
\f@nch@O@olh=\skip53
\f@nch@O@orh=\skip54
\f@nch@O@elf=\skip55
\f@nch@O@erf=\skip56
\f@nch@O@olf=\skip57
\f@nch@O@orf=\skip58
) (/usr/share/texlive/texmf-dist/tex/latex/l3backend/l3backend-pdftex.def
File: l3backend-pdftex.def 2024-01-04 L3 backend support: PDF output (pdfTeX)
\l__color_backend_stack_int=\count266
\l__pdf_internal_box=\box51
) (./main.aux)
\openout1 = `main.aux'.

LaTeX Font Info:    Checking defaults for OML/cmm/m/it on input line 30.
LaTeX Font Info:    ... okay on input line 30.
LaTeX Font Info:    Checking defaults for OMS/cmsy/m/n on input line 30.
LaTeX Font Info:    ... okay on input line 30.
LaTeX Font Info:    Checking defaults for OT1/cmr/m/n on input line 30.
LaTeX Font Info:    ... okay on input line 30.
LaTeX Font Info:    Checking defaults for T1/cmr/m/n on input line 30.
LaTeX Font Info:    ... okay on input line 30.
LaTeX Font Info:    Checking defaults for TS1/cmr/m/n on input line 30.
LaTeX Font Info:    ... okay on input line 30.
LaTeX Font Info:    Checking defaults for OMX/cmex/m/n on input line 30.
LaTeX Font Info:    ... okay on input line 30.
LaTeX Font Info:    Checking defaults for U/cmr/m/n on input line 30.
LaTeX Font Info:    ... okay on input line 30.
 (/usr/share/texlive/texmf-dist/tex/context/base/mkii/supp-pdf.mkii
[Loading MPS to PDF converter (version 2006.09.02).]
\scratchcounter=\count267
\scratchdimen=\dimen152
\scratchbox=\box52
\nofMPsegments=\count268
\nofMParguments=\count269
\everyMPshowfont=\toks21
\MPscratchCnt=\count270
\MPscratchDim=\dimen153
\MPnumerator=\count271
\makeMPintoPDFobject=\count272
\everyMPtoPDFconversion=\toks22
) (/usr/share/texlive/texmf-dist/tex/latex/epstopdf-pkg/epstopdf-base.sty
Package: epstopdf-base 2020-01-24 v2.11 Base part for package epstopdf
Package epstopdf-base Info: Redefining graphics rule for `.eps' on input line 485.
 (/usr/share/texlive/texmf-dist/tex/latex/latexconfig/epstopdf-sys.cfg
File: epstopdf-sys.cfg 2010/07/13 v1.3 Configuration of (r)epstopdf for TeX Live
))
*geometry* driver: auto-detecting
*geometry* detected driver: pdftex
*geometry* verbose mode - [ preamble ] result:
* driver: pdftex
* paper: a4paper
* layout: <same size as paper>
* layoutoffset:(h,v)=(0.0pt,0.0pt)
* modes: 
* h-part:(L,W,R)=(71.13188pt, 455.24411pt, 71.13188pt)
* v-part:(T,H,B)=(71.13188pt, 702.78308pt, 71.13188pt)
* \paperwidth=597.50787pt
* \paperheight=845.04684pt
* \textwidth=455.24411pt
* \textheight=702.78308pt
* \oddsidemargin=-1.1381pt
* \evensidemargin=-1.1381pt
* \topmargin=-38.1381pt
* \headheight=14.5pt
* \headsep=25.0pt
* \topskip=12.0pt
* \footskip=30.0pt
* \marginparwidth=35.0pt
* \marginparsep=10.0pt
* \columnsep=10.0pt
* \skip\footins=10.8pt plus 4.0pt minus 2.0pt
* \hoffset=0.0pt
* \voffset=0.0pt
* \mag=1000
* \@twocolumnfalse
* \@twosidefalse
* \@mparswitchfalse
* \@reversemarginfalse
* (1in=72.27pt=25.4mm, 1cm=28.453pt)

<imagens/eeum_logo.png, id=1, 1204.5pt x 632.3625pt>
File: imagens/eeum_logo.png Graphic file (type png)
<use imagens/eeum_logo.png>
Package pdftex.def Info: imagens/eeum_logo.png  used on input line 33.
(pdftex.def)             Requested size: 227.62206pt x 119.49399pt.
[1

{/var/lib/texmf/fonts/map/pdftex/updmap/pdftex.map}{/usr/share/texmf/fonts/enc/dvips/cm-super/cm-super-t1.enc} <./imagens/eeum_logo.png (PNG copy)>] [1] (./main.toc
LaTeX Font Info:    External font `cmex10' loaded for size
(Font)              <12> on input line 5.
LaTeX Font Info:    External font `cmex10' loaded for size
(Font)              <8> on input line 5.
LaTeX Font Info:    External font `cmex10' loaded for size
(Font)              <6> on input line 5.
)
\tf@toc=\write3
\openout3 = `main.toc'.

 [2] [3] [4] [5] [6{/usr/share/texmf/fonts/enc/dvips/cm-super/cm-super-ts1.enc}] [7] [8] [9]
<imagens/imagem1.png, id=49, 103.13531pt x 100.12407pt>
File: imagens/imagem1.png Graphic file (type png)
<use imagens/imagem1.png>
Package pdftex.def Info: imagens/imagem1.png  used on input line 213.
(pdftex.def)             Requested size: 91.04742pt x 88.39055pt.
<imagens/imagem2.png, id=51, 1297.84875pt x 365.11406pt>
File: imagens/imagem2.png Graphic file (type png)
<use imagens/imagem2.png>
Package pdftex.def Info: imagens/imagem2.png  used on input line 225.
(pdftex.def)             Requested size: 455.24411pt x 128.07039pt.
 [10 <./imagens/imagem1.png>]
<imagens/imagem3.png, id=56, 911.65594pt x 599.23875pt>
File: imagens/imagem3.png Graphic file (type png)
<use imagens/imagem3.png>
Package pdftex.def Info: imagens/imagem3.png  used on input line 236.
(pdftex.def)             Requested size: 455.24411pt x 299.24374pt.
 [11 <./imagens/imagem2.png> <./imagens/imagem3.png>]
<imagens/imagem4_1.png, id=62, 85.06781pt x 63.98906pt>
File: imagens/imagem4_1.png Graphic file (type png)
<use imagens/imagem4_1.png>
Package pdftex.def Info: imagens/imagem4_1.png  used on input line 268.
(pdftex.def)             Requested size: 91.04742pt x 68.49103pt.
<imagens/imagem4_2.png, id=63, 362.10281pt x 398.99063pt>
File: imagens/imagem4_2.png Graphic file (type png)
<use imagens/imagem4_2.png>
Package pdftex.def Info: imagens/imagem4_2.png  used on input line 270.
(pdftex.def)             Requested size: 204.85846pt x 225.72844pt.


LaTeX Warning: `h' float specifier changed to `ht'.

[12]
<imagens/imagem5_1.png, id=68, 889.07156pt x 168.63pt>
File: imagens/imagem5_1.png Graphic file (type png)
<use imagens/imagem5_1.png>
Package pdftex.def Info: imagens/imagem5_1.png  used on input line 282.
(pdftex.def)             Requested size: 364.19667pt x 69.07698pt.
<imagens/imagem5_2.png, id=69, 889.07156pt x 280.79906pt>
File: imagens/imagem5_2.png Graphic file (type png)
<use imagens/imagem5_2.png>
Package pdftex.def Info: imagens/imagem5_2.png  used on input line 284.
(pdftex.def)             Requested size: 364.19667pt x 115.02553pt.
<imagens/imagem6.png, id=70, 807.015pt x 522.45187pt>
File: imagens/imagem6.png Graphic file (type png)
<use imagens/imagem6.png>
Package pdftex.def Info: imagens/imagem6.png  used on input line 293.
(pdftex.def)             Requested size: 318.66948pt x 206.29846pt.


LaTeX Warning: `h' float specifier changed to `ht'.

[13 <./imagens/imagem4_1.png> <./imagens/imagem4_2.png> <./imagens/imagem5_1.png> <./imagens/imagem5_2.png>]
<imagens/imagem7.png, id=77, 812.28468pt x 575.90157pt>
File: imagens/imagem7.png Graphic file (type png)
<use imagens/imagem7.png>
Package pdftex.def Info: imagens/imagem7.png  used on input line 300.
(pdftex.def)             Requested size: 318.66948pt x 225.92763pt.
<imagens/imagem8.png, id=78, 807.7678pt x 580.41844pt>
File: imagens/imagem8.png Graphic file (type png)
<use imagens/imagem8.png>
Package pdftex.def Info: imagens/imagem8.png  used on input line 307.
(pdftex.def)             Requested size: 318.66948pt x 228.97493pt.


LaTeX Warning: `h' float specifier changed to `ht'.

[14 <./imagens/imagem6.png> <./imagens/imagem7.png>]
<imagens/imagem9_1.png, id=84, 78.2925pt x 79.04532pt>
File: imagens/imagem9_1.png Graphic file (type png)
<use imagens/imagem9_1.png>
Package pdftex.def Info: imagens/imagem9_1.png  used on input line 320.
(pdftex.def)             Requested size: 91.04742pt x 91.92659pt.
<imagens/imagem9_2.png, id=85, 362.85562pt x 432.11438pt>
File: imagens/imagem9_2.png Graphic file (type png)
<use imagens/imagem9_2.png>
Package pdftex.def Info: imagens/imagem9_2.png  used on input line 322.
(pdftex.def)             Requested size: 204.85846pt x 243.96704pt.
 [15 <./imagens/imagem8.png> <./imagens/imagem9_1.png> <./imagens/imagem9_2.png>]
<imagens/imagem10.png, id=91, 808.52063pt x 583.42969pt>
File: imagens/imagem10.png Graphic file (type png)
<use imagens/imagem10.png>
Package pdftex.def Info: imagens/imagem10.png  used on input line 336.
(pdftex.def)             Requested size: 273.14923pt x 197.10822pt.
<imagens/imagem11.png, id=92, 807.7678pt x 578.16pt>
File: imagens/imagem11.png Graphic file (type png)
<use imagens/imagem11.png>
Package pdftex.def Info: imagens/imagem11.png  used on input line 343.
(pdftex.def)             Requested size: 273.14923pt x 195.50433pt.


LaTeX Warning: `h' float specifier changed to `ht'.

[16 <./imagens/imagem10.png>]
<imagens/imagem12.png, id=97, 812.28468pt x 581.92406pt>
File: imagens/imagem12.png Graphic file (type png)
<use imagens/imagem12.png>
Package pdftex.def Info: imagens/imagem12.png  used on input line 362.
(pdftex.def)             Requested size: 318.66948pt x 228.29027pt.


LaTeX Warning: `h' float specifier changed to `ht'.

[17 <./imagens/imagem11.png>]
<imagens/imagem13_1.png, id=103, 62.48344pt x 76.03406pt>
File: imagens/imagem13_1.png Graphic file (type png)
<use imagens/imagem13_1.png>
Package pdftex.def Info: imagens/imagem13_1.png  used on input line 377.
(pdftex.def)             Requested size: 91.04742pt x 110.80342pt.
<imagens/imagem13_2.png, id=104, 362.10281pt x 432.11438pt>
File: imagens/imagem13_2.png Graphic file (type png)
<use imagens/imagem13_2.png>
Package pdftex.def Info: imagens/imagem13_2.png  used on input line 379.
(pdftex.def)             Requested size: 204.85846pt x 244.46815pt.


LaTeX Warning: `h' float specifier changed to `ht'.

[18 <./imagens/imagem12.png>]
<imagens/imagem14_1.png, id=110, 62.48344pt x 82.05656pt>
File: imagens/imagem14_1.png Graphic file (type png)
<use imagens/imagem14_1.png>
Package pdftex.def Info: imagens/imagem14_1.png  used on input line 394.
(pdftex.def)             Requested size: 91.04742pt x 119.57994pt.
<imagens/imagem14_2.png, id=111, 365.86688pt x 436.63126pt>
File: imagens/imagem14_2.png Graphic file (type png)
<use imagens/imagem14_2.png>
Package pdftex.def Info: imagens/imagem14_2.png  used on input line 396.
(pdftex.def)             Requested size: 204.85846pt x 244.48518pt.


LaTeX Warning: `h' float specifier changed to `ht'.

[19 <./imagens/imagem13_1.png> <./imagens/imagem13_2.png>]
<imagens/imagem15.png, id=116, 639.13782pt x 141.52875pt>
File: imagens/imagem15.png Graphic file (type png)
<use imagens/imagem15.png>
Package pdftex.def Info: imagens/imagem15.png  used on input line 409.
(pdftex.def)             Requested size: 273.14923pt x 60.48473pt.
<imagens/imagem16_1.png, id=117, 62.48344pt x 87.32625pt>
File: imagens/imagem16_1.png Graphic file (type png)
<use imagens/imagem16_1.png>
Package pdftex.def Info: imagens/imagem16_1.png  used on input line 421.
(pdftex.def)             Requested size: 91.04742pt x 127.2594pt.
<imagens/imagem16_2.png, id=118, 365.86688pt x 427.5975pt>
File: imagens/imagem16_2.png Graphic file (type png)
<use imagens/imagem16_2.png>
Package pdftex.def Info: imagens/imagem16_2.png  used on input line 423.
(pdftex.def)             Requested size: 204.85846pt x 239.42686pt.


LaTeX Warning: `h' float specifier changed to `ht'.

[20 <./imagens/imagem14_1.png> <./imagens/imagem14_2.png> <./imagens/imagem15.png>]
<imagens/imagem17.png, id=124, 175.40532pt x 177.66376pt>
File: imagens/imagem17.png Graphic file (type png)
<use imagens/imagem17.png>
Package pdftex.def Info: imagens/imagem17.png  used on input line 434.
(pdftex.def)             Requested size: 91.04742pt x 92.22302pt.
<imagens/imagem18.png, id=125, 178.41656pt x 165.61874pt>
File: imagens/imagem18.png Graphic file (type png)
<use imagens/imagem18.png>
Package pdftex.def Info: imagens/imagem18.png  used on input line 442.
(pdftex.def)             Requested size: 91.04742pt x 84.5175pt.


LaTeX Warning: `h' float specifier changed to `ht'.

[21 <./imagens/imagem16_1.png> <./imagens/imagem16_2.png> <./imagens/imagem17.png>]
<imagens/imagem19.png, id=131, 186.6975pt x 203.25937pt>
File: imagens/imagem19.png Graphic file (type png)
<use imagens/imagem19.png>
Package pdftex.def Info: imagens/imagem19.png  used on input line 450.
(pdftex.def)             Requested size: 91.04742pt x 99.12343pt.
<imagens/imagem20.png, id=132, 212.29312pt x 185.19188pt>
File: imagens/imagem20.png Graphic file (type png)
<use imagens/imagem20.png>
Package pdftex.def Info: imagens/imagem20.png  used on input line 458.
(pdftex.def)             Requested size: 91.04742pt x 79.42465pt.
<imagens/imagem21.png, id=133, 164.86594pt x 146.79843pt>
File: imagens/imagem21.png Graphic file (type png)
<use imagens/imagem21.png>
Package pdftex.def Info: imagens/imagem21.png  used on input line 466.
(pdftex.def)             Requested size: 91.04742pt x 81.07089pt.


LaTeX Warning: `h' float specifier changed to `ht'.

[22 <./imagens/imagem18.png> <./imagens/imagem19.png> <./imagens/imagem20.png>]
<imagens/imagem22.png, id=140, 70.01157pt x 89.58469pt>
File: imagens/imagem22.png Graphic file (type png)
<use imagens/imagem22.png>
Package pdftex.def Info: imagens/imagem22.png  used on input line 477.
(pdftex.def)             Requested size: 68.28383pt x 87.37819pt.
<imagens/imagem23.png, id=141, 179.92218pt x 112.92188pt>
File: imagens/imagem23.png Graphic file (type png)
<use imagens/imagem23.png>
Package pdftex.def Info: imagens/imagem23.png  used on input line 485.
(pdftex.def)             Requested size: 91.04742pt x 57.14484pt.
<imagens/imagem24.png, id=142, 73.02281pt x 82.80937pt>
File: imagens/imagem24.png Graphic file (type png)
<use imagens/imagem24.png>
Package pdftex.def Info: imagens/imagem24.png  used on input line 493.
(pdftex.def)             Requested size: 68.28383pt x 77.44151pt.


LaTeX Warning: `h' float specifier changed to `ht'.

[23 <./imagens/imagem21.png> <./imagens/imagem22.png> <./imagens/imagem23.png>]
<imagens/imagem25.png, id=149, 63.98906pt x 82.80937pt>
File: imagens/imagem25.png Graphic file (type png)
<use imagens/imagem25.png>
Package pdftex.def Info: imagens/imagem25.png  used on input line 501.
(pdftex.def)             Requested size: 91.04742pt x 117.83398pt.
 [24 <./imagens/imagem24.png> <./imagens/imagem25.png>]
<imagens/imagem26.png, id=156, 392.06474pt x 308.352pt>
File: imagens/imagem26.png Graphic file (type png)
<use imagens/imagem26.png>
Package pdftex.def Info: imagens/imagem26.png  used on input line 518.
(pdftex.def)             Requested size: 273.14923pt x 214.82393pt.
<imagens/imagem27.png, id=157, 387.24675pt x 272.217pt>
File: imagens/imagem27.png Graphic file (type png)
<use imagens/imagem27.png>
Package pdftex.def Info: imagens/imagem27.png  used on input line 525.
(pdftex.def)             Requested size: 273.14923pt x 192.02098pt.


LaTeX Warning: `h' float specifier changed to `ht'.

[25 <./imagens/imagem26.png>]
<imagens/imagem28.png, id=162, 366.61969pt x 414.79968pt>
File: imagens/imagem28.png Graphic file (type png)
<use imagens/imagem28.png>
Package pdftex.def Info: imagens/imagem28.png  used on input line 534.
(pdftex.def)             Requested size: 182.09486pt x 206.02586pt.
 [26 <./imagens/imagem27.png> <./imagens/imagem28.png>]
<imagens/imagem29.png, id=168, 183.6315pt x 248.0175pt>
File: imagens/imagem29.png Graphic file (type png)
<use imagens/imagem29.png>
Package pdftex.def Info: imagens/imagem29.png  used on input line 545.
(pdftex.def)             Requested size: 182.09486pt x 245.94678pt.
<imagens/imagem30.png, id=169, 1008.76875pt x 688.07062pt>
File: imagens/imagem30.png Graphic file (type png)
<use imagens/imagem30.png>
Package pdftex.def Info: imagens/imagem30.png  used on input line 552.
(pdftex.def)             Requested size: 273.14923pt x 186.3065pt.
 [27 <./imagens/imagem29.png> <./imagens/imagem30.png>]
<imagens/imagem31.png, id=175, 188.8875pt x 207.9405pt>
File: imagens/imagem31.png Graphic file (type png)
<use imagens/imagem31.png>
Package pdftex.def Info: imagens/imagem31.png  used on input line 561.
(pdftex.def)             Requested size: 227.62206pt x 250.59662pt.
<imagens/imagem32.png, id=176, 359.09157pt x 428.35031pt>
File: imagens/imagem32.png Graphic file (type png)
<use imagens/imagem32.png>
Package pdftex.def Info: imagens/imagem32.png  used on input line 571.
(pdftex.def)             Requested size: 182.09486pt x 217.22044pt.


LaTeX Warning: `h' float specifier changed to `ht'.

[28 <./imagens/imagem31.png>]
<imagens/imagem33.png, id=181, 807.015pt x 581.92406pt>
File: imagens/imagem33.png Graphic file (type png)
<use imagens/imagem33.png>
Package pdftex.def Info: imagens/imagem33.png  used on input line 580.
(pdftex.def)             Requested size: 273.14923pt x 196.96361pt.
<imagens/imagem34.png, id=182, 649.67719pt x 237.88875pt>
File: imagens/imagem34.png Graphic file (type png)
<use imagens/imagem34.png>
Package pdftex.def Info: imagens/imagem34.png  used on input line 588.
(pdftex.def)             Requested size: 364.19667pt x 133.35834pt.
 [29 <./imagens/imagem32.png> <./imagens/imagem33.png>]
<imagens/imagem35.png, id=188, 576.35326pt x 501.072pt>
File: imagens/imagem35.png Graphic file (type png)
<use imagens/imagem35.png>
Package pdftex.def Info: imagens/imagem35.png  used on input line 600.
(pdftex.def)             Requested size: 227.62206pt x 197.88687pt.
 [30 <./imagens/imagem34.png> <./imagens/imagem35.png>]
<imagens/imagem36.png, id=195, 506.49225pt x 343.88475pt>
File: imagens/imagem36.png Graphic file (type png)
<use imagens/imagem36.png>
Package pdftex.def Info: imagens/imagem36.png  used on input line 610.
(pdftex.def)             Requested size: 364.19667pt x 247.282pt.
<imagens/imagem37.png, id=196, 367.3725pt x 383.93437pt>
File: imagens/imagem37.png Graphic file (type png)
<use imagens/imagem37.png>
Package pdftex.def Info: imagens/imagem37.png  used on input line 621.
(pdftex.def)             Requested size: 182.09486pt x 190.30879pt.


LaTeX Warning: `h' float specifier changed to `ht'.

[31 <./imagens/imagem36.png>]
<imagens/imagem38.png, id=201, 699.36281pt x 692.5875pt>
File: imagens/imagem38.png Graphic file (type png)
<use imagens/imagem38.png>
Package pdftex.def Info: imagens/imagem38.png  used on input line 629.
(pdftex.def)             Requested size: 182.09486pt x 180.32213pt.
<imagens/imagem39.png, id=202, 372.64218pt x 392.96812pt>
File: imagens/imagem39.png Graphic file (type png)
<use imagens/imagem39.png>
Package pdftex.def Info: imagens/imagem39.png  used on input line 638.
(pdftex.def)             Requested size: 182.09486pt x 192.02238pt.


LaTeX Warning: `h' float specifier changed to `ht'.

[32 <./imagens/imagem37.png> <./imagens/imagem38.png>]
<imagens/imagem40.png, id=208, 133.24782pt x 221.32687pt>
File: imagens/imagem40.png Graphic file (type png)
<use imagens/imagem40.png>
Package pdftex.def Info: imagens/imagem40.png  used on input line 645.
(pdftex.def)             Requested size: 182.09486pt x 302.48987pt.


LaTeX Warning: `h' float specifier changed to `ht'.

[33 <./imagens/imagem39.png> <./imagens/imagem40.png>]
<imagens/imagem41.png, id=213, 420.82219pt x 196.48407pt>
File: imagens/imagem41.png Graphic file (type png)
<use imagens/imagem41.png>
Package pdftex.def Info: imagens/imagem41.png  used on input line 658.
(pdftex.def)             Requested size: 227.62206pt x 106.2797pt.
<imagens/imagem42.png, id=214, 420.82219pt x 216.81pt>
File: imagens/imagem42.png Graphic file (type png)
<use imagens/imagem42.png>
Package pdftex.def Info: imagens/imagem42.png  used on input line 666.
(pdftex.def)             Requested size: 227.62206pt x 117.27414pt.
 [34

 <./imagens/imagem41.png> <./imagens/imagem42.png>]
<imagens/imagem43.png, id=220, 421.575pt x 191.21437pt>
File: imagens/imagem43.png Graphic file (type png)
<use imagens/imagem43.png>
Package pdftex.def Info: imagens/imagem43.png  used on input line 679.
(pdftex.def)             Requested size: 227.62206pt x 103.24545pt.
<imagens/imagem44.png, id=221, 421.575pt x 177.66376pt>
File: imagens/imagem44.png Graphic file (type png)
<use imagens/imagem44.png>
Package pdftex.def Info: imagens/imagem44.png  used on input line 687.
(pdftex.def)             Requested size: 227.62206pt x 95.92886pt.
 [35 <./imagens/imagem43.png> <./imagens/imagem44.png>]
<imagens/imagem45.png, id=227, 423.08063pt x 179.16937pt>
File: imagens/imagem45.png Graphic file (type png)
<use imagens/imagem45.png>
Package pdftex.def Info: imagens/imagem45.png  used on input line 701.
(pdftex.def)             Requested size: 227.62206pt x 96.3946pt.
<imagens/imagem46.png, id=228, 419.31656pt x 179.92218pt>
File: imagens/imagem46.png Graphic file (type png)
<use imagens/imagem46.png>
Package pdftex.def Info: imagens/imagem46.png  used on input line 709.
(pdftex.def)             Requested size: 227.62206pt x 97.66716pt.
<imagens/imagem47.png, id=229, 423.83344pt x 169.38281pt>
File: imagens/imagem47.png Graphic file (type png)
<use imagens/imagem47.png>
Package pdftex.def Info: imagens/imagem47.png  used on input line 724.
(pdftex.def)             Requested size: 364.19667pt x 145.55522pt.


LaTeX Warning: `h' float specifier changed to `ht'.

[36 <./imagens/imagem45.png> <./imagens/imagem46.png>]
<imagens/imagem48.png, id=236, 420.06938pt x 175.40532pt>
File: imagens/imagem48.png Graphic file (type png)
<use imagens/imagem48.png>
Package pdftex.def Info: imagens/imagem48.png  used on input line 735.
(pdftex.def)             Requested size: 364.19667pt x 152.0768pt.
 [37 <./imagens/imagem47.png> <./imagens/imagem48.png>]
<imagens/imagem49.png, id=242, 945.5325pt x 293.59688pt>
File: imagens/imagem49.png Graphic file (type png)
<use imagens/imagem49.png>
Package pdftex.def Info: imagens/imagem49.png  used on input line 750.
(pdftex.def)             Requested size: 364.19667pt x 113.08665pt.
 [38 <./imagens/imagem49.png>] [39]
<imagens/imagem50.png, id=250, 805.50937pt x 575.14874pt>
File: imagens/imagem50.png Graphic file (type png)
<use imagens/imagem50.png>
Package pdftex.def Info: imagens/imagem50.png  used on input line 787.
(pdftex.def)             Requested size: 227.62206pt x 162.5237pt.
<imagens/imagem51.png, id=251, 1118.1775pt x 246.9225pt>
File: imagens/imagem51.png Graphic file (type png)
<use imagens/imagem51.png>
Package pdftex.def Info: imagens/imagem51.png  used on input line 801.
(pdftex.def)             Requested size: 409.71692pt x 90.47446pt.


LaTeX Warning: `h' float specifier changed to `ht'.

[40 <./imagens/imagem50.png>]
<imagens/imagem52.png, id=256, 1123.19624pt x 222.8325pt>
File: imagens/imagem52.png Graphic file (type png)
<use imagens/imagem52.png>
Package pdftex.def Info: imagens/imagem52.png  used on input line 813.
(pdftex.def)             Requested size: 409.71692pt x 81.28387pt.
<imagens/imagem53.png, id=257, 1121.18875pt x 283.0575pt>
File: imagens/imagem53.png Graphic file (type png)
<use imagens/imagem53.png>
Package pdftex.def Info: imagens/imagem53.png  used on input line 825.
(pdftex.def)             Requested size: 409.71692pt x 103.43822pt.
 [41 <./imagens/imagem51.png> <./imagens/imagem52.png>]
<imagens/imagem54.png, id=263, 840.13875pt x 231.86626pt>
File: imagens/imagem54.png Graphic file (type png)
<use imagens/imagem54.png>
Package pdftex.def Info: imagens/imagem54.png  used on input line 837.
(pdftex.def)             Requested size: 409.71692pt x 113.07414pt.
 [42 <./imagens/imagem53.png> <./imagens/imagem54.png>] [43] [44] (./main.aux)
 ***********
LaTeX2e <2023-11-01> patch level 1
L3 programming layer <2024-01-22>
 ***********
 ) 
Here is how much of TeX's memory you used:
 4242 strings out of 476162
 74165 string characters out of 5794813
 1936975 words of memory out of 5000000
 26223 multiletter control sequences out of 15000+600000
 570328 words of font info for 60 fonts, out of 8000000 for 9000
 16 hyphenation exceptions out of 8191
 57i,12n,65p,857b,273s stack positions out of 10000i,1000n,20000p,200000b,200000s
</usr/share/texlive/texmf-dist/fonts/type1/public/amsfonts/cm/cmbx12.pfb></usr/share/texlive/texmf-dist/fonts/type1/public/amsfonts/cm/cmbx8.pfb></usr/share/texlive/texmf-dist/fonts/type1/public/amsfonts/cm/cmmi12.pfb></usr/share/texlive/texmf-dist/fonts/type1/public/amsfonts/cm/cmr12.pfb></usr/share/texlive/texmf-dist/fonts/type1/public/amsfonts/cm/cmsy10.pfb></usr/share/texmf/fonts/type1/public/cm-super/sfbi1200.pfb></usr/share/texmf/fonts/type1/public/cm-super/sfbi1440.pfb></usr/share/texmf/fonts/type1/public/cm-super/sfbx1200.pfb></usr/share/texmf/fonts/type1/public/cm-super/sfbx1440.pfb></usr/share/texmf/fonts/type1/public/cm-super/sfbx1728.pfb></usr/share/texmf/fonts/type1/public/cm-super/sfbx2488.pfb></usr/share/texmf/fonts/type1/public/cm-super/sfrm1200.pfb></usr/share/texmf/fonts/type1/public/cm-super/sfrm1440.pfb></usr/share/texmf/fonts/type1/public/cm-super/sfti1200.pfb>
Output written on main.pdf (45 pages, 1998037 bytes).
PDF statistics:
 342 PDF objects out of 1000 (max. 8388607)
 149 compressed objects within 2 object streams
 0 named destinations out of 1000 (max. 500000)
 306 words of extra memory for PDF output out of 10000 (max. 10000000)

